INFO 2025-11-23 19:35:09,734 autoreload 23044 580 Watching for file changes with StatReloader
WARNING 2025-11-23 19:35:32,282 log 23044 22316 Not Found: /
WARNING 2025-11-23 19:35:32,930 log 23044 22316 Not Found: /favicon.ico
WARNING 2025-11-23 19:35:46,564 log 23044 22316 Not Found: /api/school/
WARNING 2025-11-23 19:35:49,937 log 23044 22316 Unauthorized: /api/
INFO 2025-11-23 19:38:58,119 autoreload 23044 580 C:\Users\lilia\OneDrive\Desktop\automobile\config\settings.py changed, reloading.
INFO 2025-11-23 19:38:59,474 autoreload 19980 10260 Watching for file changes with StatReloader
INFO 2025-11-23 19:39:14,710 autoreload 19980 10260 C:\Users\lilia\OneDrive\Desktop\automobile\config\urls.py changed, reloading.
INFO 2025-11-23 19:39:15,839 autoreload 11404 14236 Watching for file changes with StatReloader
INFO 2025-11-23 19:39:21,531 autoreload 11404 14236 C:\Users\lilia\OneDrive\Desktop\automobile\config\urls.py changed, reloading.
INFO 2025-11-23 19:39:22,556 autoreload 6444 29604 Watching for file changes with StatReloader
INFO 2025-11-23 20:01:36,690 autoreload 6444 29604 C:\Users\lilia\OneDrive\Desktop\automobile\config\urls.py changed, reloading.
INFO 2025-11-23 20:01:37,691 autoreload 21696 22240 Watching for file changes with StatReloader
INFO 2025-11-23 20:01:59,645 autoreload 21696 22240 C:\Users\lilia\OneDrive\Desktop\automobile\config\urls.py changed, reloading.
INFO 2025-11-23 20:02:00,756 autoreload 11544 5520 Watching for file changes with StatReloader
INFO 2025-11-23 20:02:52,312 autoreload 29300 17604 Watching for file changes with StatReloader
WARNING 2025-11-23 20:04:11,507 log 11544 3340 Forbidden: /api/chat/
WARNING 2025-11-23 20:07:31,699 log 11544 3340 Forbidden: /api/chat/
WARNING 2025-11-23 20:10:26,374 log 11544 3340 Forbidden: /api/chat/
INFO 2025-11-23 20:14:10,828 autoreload 11544 5520 C:\Users\lilia\OneDrive\Desktop\automobile\negotiation\chat.py changed, reloading.
INFO 2025-11-23 20:14:12,178 autoreload 18072 18316 Watching for file changes with StatReloader
INFO 2025-11-23 20:15:24,752 autoreload 18072 18316 C:\Users\lilia\OneDrive\Desktop\automobile\negotiation\rag.py changed, reloading.
INFO 2025-11-23 20:15:25,797 autoreload 13620 24200 Watching for file changes with StatReloader
INFO 2025-11-23 20:19:34,918 autoreload 1180 29200 Watching for file changes with StatReloader
INFO 2025-11-23 20:27:30,055 autoreload 19776 26428 Watching for file changes with StatReloader
WARNING 2025-11-23 20:28:02,964 log 19776 22160 Forbidden: /api/chat/
WARNING 2025-11-23 20:28:48,486 log 19776 22160 Forbidden: /api/chat/
INFO 2025-11-23 20:28:55,814 autoreload 19776 26428 C:\Users\lilia\OneDrive\Desktop\automobile\negotiation\chat.py changed, reloading.
INFO 2025-11-23 20:28:57,039 autoreload 1676 21016 Watching for file changes with StatReloader
INFO 2025-11-23 20:29:06,659 autoreload 1676 21016 C:\Users\lilia\OneDrive\Desktop\automobile\negotiation\chat.py changed, reloading.
INFO 2025-11-23 20:29:07,732 autoreload 12940 4284 Watching for file changes with StatReloader
INFO 2025-11-23 20:29:17,555 autoreload 27368 29140 Watching for file changes with StatReloader
INFO 2025-11-23 20:29:26,996 autoreload 27368 29140 C:\Users\lilia\OneDrive\Desktop\automobile\negotiation\chat.py changed, reloading.
INFO 2025-11-23 20:29:27,170 autoreload 12940 4284 C:\Users\lilia\OneDrive\Desktop\automobile\negotiation\chat.py changed, reloading.
INFO 2025-11-23 20:29:28,186 autoreload 28460 26776 Watching for file changes with StatReloader
INFO 2025-11-23 20:29:28,365 autoreload 1268 26272 Watching for file changes with StatReloader
WARNING 2025-11-23 20:33:56,274 log 1268 28472 Forbidden: /api/chat/
INFO 2025-11-23 20:39:12,770 autoreload 13620 24200 C:\Users\lilia\OneDrive\Desktop\automobile\config\settings.py changed, reloading.
INFO 2025-11-23 20:39:13,929 autoreload 4224 20524 Watching for file changes with StatReloader
INFO 2025-11-23 20:40:25,119 autoreload 19428 28380 Watching for file changes with StatReloader
INFO 2025-11-23 20:40:34,841 autoreload 4224 20524 C:\Users\lilia\OneDrive\Desktop\automobile\config\settings.py changed, reloading.
INFO 2025-11-23 20:40:36,000 autoreload 19428 28380 C:\Users\lilia\OneDrive\Desktop\automobile\config\settings.py changed, reloading.
INFO 2025-11-23 20:40:36,269 autoreload 24184 28684 Watching for file changes with StatReloader
INFO 2025-11-23 20:40:37,329 autoreload 12592 16560 Watching for file changes with StatReloader
ERROR 2025-11-23 20:40:59,603 log 24184 19436 Internal Server Error: /api/chat/
INFO 2025-11-23 20:41:14,204 autoreload 24184 28684 C:\Users\lilia\OneDrive\Desktop\automobile\negotiation\rag.py changed, reloading.
INFO 2025-11-23 20:41:15,457 autoreload 7580 26776 Watching for file changes with StatReloader
INFO 2025-11-23 20:41:32,008 autoreload 7580 26776 C:\Users\lilia\OneDrive\Desktop\automobile\negotiation\rag.py changed, reloading.
INFO 2025-11-23 20:41:33,066 autoreload 20124 8848 Watching for file changes with StatReloader
INFO 2025-11-23 20:41:39,093 autoreload 13540 20608 Watching for file changes with StatReloader
ERROR 2025-11-23 20:42:09,419 log 20124 14300 Internal Server Error: /api/chat/
INFO 2025-11-23 20:42:32,460 autoreload 20124 8848 C:\Users\lilia\OneDrive\Desktop\automobile\negotiation\rag.py changed, reloading.
INFO 2025-11-23 20:42:33,640 autoreload 29364 14072 Watching for file changes with StatReloader
INFO 2025-11-23 20:42:42,176 autoreload 29364 14072 C:\Users\lilia\OneDrive\Desktop\automobile\negotiation\rag.py changed, reloading.
INFO 2025-11-23 20:42:43,319 autoreload 22172 15020 Watching for file changes with StatReloader
INFO 2025-11-23 20:43:26,264 autoreload 23876 15336 Watching for file changes with StatReloader
WARNING 2025-11-23 20:44:04,313 base 22172 11800 Session data corrupted
WARNING 2025-11-23 20:44:57,083 base 22172 11800 Session data corrupted
WARNING 2025-11-23 20:46:07,362 base 22172 11800 Session data corrupted
WARNING 2025-11-23 20:47:09,039 base 22172 11800 Session data corrupted
WARNING 2025-11-23 20:50:58,100 base 22172 11800 Session data corrupted
ERROR 2025-11-23 20:50:58,156 log 22172 11800 Internal Server Error: /
Traceback (most recent call last):
  File "C:\Users\lilia\AppData\Local\Programs\Python\Python312\Lib\site-packages\django\template\defaulttags.py", line 1026, in find_library
    return parser.libraries[name]
           ~~~~~~~~~~~~~~~~^^^^^^
KeyError: 'markdownify'

During handling of the above exception, another exception occurred:

Traceback (most recent call last):
  File "C:\Users\lilia\AppData\Local\Programs\Python\Python312\Lib\site-packages\django\core\handlers\exception.py", line 55, in inner
    response = get_response(request)
               ^^^^^^^^^^^^^^^^^^^^^
  File "C:\Users\lilia\AppData\Local\Programs\Python\Python312\Lib\site-packages\django\core\handlers\base.py", line 220, in _get_response
    response = response.render()
               ^^^^^^^^^^^^^^^^^
  File "C:\Users\lilia\AppData\Local\Programs\Python\Python312\Lib\site-packages\django\template\response.py", line 114, in render
    self.content = self.rendered_content
                   ^^^^^^^^^^^^^^^^^^^^^
  File "C:\Users\lilia\AppData\Local\Programs\Python\Python312\Lib\site-packages\django\template\response.py", line 90, in rendered_content
    template = self.resolve_template(self.template_name)
               ^^^^^^^^^^^^^^^^^^^^^^^^^^^^^^^^^^^^^^^^^
  File "C:\Users\lilia\AppData\Local\Programs\Python\Python312\Lib\site-packages\django\template\response.py", line 72, in resolve_template
    return select_template(template, using=self.using)
           ^^^^^^^^^^^^^^^^^^^^^^^^^^^^^^^^^^^^^^^^^^^
  File "C:\Users\lilia\AppData\Local\Programs\Python\Python312\Lib\site-packages\django\template\loader.py", line 42, in select_template
    return engine.get_template(template_name)
           ^^^^^^^^^^^^^^^^^^^^^^^^^^^^^^^^^^
  File "C:\Users\lilia\AppData\Local\Programs\Python\Python312\Lib\site-packages\django\template\backends\django.py", line 33, in get_template
    return Template(self.engine.get_template(template_name), self)
                    ^^^^^^^^^^^^^^^^^^^^^^^^^^^^^^^^^^^^^^^
  File "C:\Users\lilia\AppData\Local\Programs\Python\Python312\Lib\site-packages\django\template\engine.py", line 175, in get_template
    template, origin = self.find_template(template_name)
                       ^^^^^^^^^^^^^^^^^^^^^^^^^^^^^^^^^
  File "C:\Users\lilia\AppData\Local\Programs\Python\Python312\Lib\site-packages\django\template\engine.py", line 157, in find_template
    template = loader.get_template(name, skip=skip)
               ^^^^^^^^^^^^^^^^^^^^^^^^^^^^^^^^^^^^
  File "C:\Users\lilia\AppData\Local\Programs\Python\Python312\Lib\site-packages\django\template\loaders\cached.py", line 57, in get_template
    template = super().get_template(template_name, skip)
               ^^^^^^^^^^^^^^^^^^^^^^^^^^^^^^^^^^^^^^^^^
  File "C:\Users\lilia\AppData\Local\Programs\Python\Python312\Lib\site-packages\django\template\loaders\base.py", line 28, in get_template
    return Template(
           ^^^^^^^^^
  File "C:\Users\lilia\AppData\Local\Programs\Python\Python312\Lib\site-packages\django\template\base.py", line 154, in __init__
    self.nodelist = self.compile_nodelist()
                    ^^^^^^^^^^^^^^^^^^^^^^^
  File "C:\Users\lilia\AppData\Local\Programs\Python\Python312\Lib\site-packages\django\template\base.py", line 200, in compile_nodelist
    return parser.parse()
           ^^^^^^^^^^^^^^
  File "C:\Users\lilia\AppData\Local\Programs\Python\Python312\Lib\site-packages\django\template\base.py", line 513, in parse
    raise self.error(token, e)
  File "C:\Users\lilia\AppData\Local\Programs\Python\Python312\Lib\site-packages\django\template\base.py", line 511, in parse
    compiled_result = compile_func(self, token)
                      ^^^^^^^^^^^^^^^^^^^^^^^^^
  File "C:\Users\lilia\AppData\Local\Programs\Python\Python312\Lib\site-packages\django\template\defaulttags.py", line 1088, in load
    lib = find_library(parser, name)
          ^^^^^^^^^^^^^^^^^^^^^^^^^^
  File "C:\Users\lilia\AppData\Local\Programs\Python\Python312\Lib\site-packages\django\template\defaulttags.py", line 1028, in find_library
    raise TemplateSyntaxError(
django.template.exceptions.TemplateSyntaxError: 'markdownify' is not a registered tag library. Must be one of:
admin_list
admin_modify
admin_urls
cache
i18n
l10n
log
rest_framework
static
tz
INFO 2025-11-23 20:51:13,267 autoreload 22172 15020 C:\Users\lilia\OneDrive\Desktop\automobile\config\settings.py changed, reloading.
INFO 2025-11-23 20:51:16,495 autoreload 320 24840 Watching for file changes with StatReloader
INFO 2025-11-23 20:51:18,616 autoreload 320 24840 C:\Users\lilia\OneDrive\Desktop\automobile\config\settings.py changed, reloading.
INFO 2025-11-23 20:51:19,734 autoreload 1560 28100 Watching for file changes with StatReloader
WARNING 2025-11-23 20:51:30,403 base 1560 16868 Session data corrupted
ERROR 2025-11-23 20:51:30,442 log 1560 16868 Internal Server Error: /
Traceback (most recent call last):
  File "C:\Users\lilia\AppData\Local\Programs\Python\Python312\Lib\site-packages\django\template\defaulttags.py", line 1026, in find_library
    return parser.libraries[name]
           ~~~~~~~~~~~~~~~~^^^^^^
KeyError: 'markdownify'

During handling of the above exception, another exception occurred:

Traceback (most recent call last):
  File "C:\Users\lilia\AppData\Local\Programs\Python\Python312\Lib\site-packages\django\core\handlers\exception.py", line 55, in inner
    response = get_response(request)
               ^^^^^^^^^^^^^^^^^^^^^
  File "C:\Users\lilia\AppData\Local\Programs\Python\Python312\Lib\site-packages\django\core\handlers\base.py", line 220, in _get_response
    response = response.render()
               ^^^^^^^^^^^^^^^^^
  File "C:\Users\lilia\AppData\Local\Programs\Python\Python312\Lib\site-packages\django\template\response.py", line 114, in render
    self.content = self.rendered_content
                   ^^^^^^^^^^^^^^^^^^^^^
  File "C:\Users\lilia\AppData\Local\Programs\Python\Python312\Lib\site-packages\django\template\response.py", line 90, in rendered_content
    template = self.resolve_template(self.template_name)
               ^^^^^^^^^^^^^^^^^^^^^^^^^^^^^^^^^^^^^^^^^
  File "C:\Users\lilia\AppData\Local\Programs\Python\Python312\Lib\site-packages\django\template\response.py", line 72, in resolve_template
    return select_template(template, using=self.using)
           ^^^^^^^^^^^^^^^^^^^^^^^^^^^^^^^^^^^^^^^^^^^
  File "C:\Users\lilia\AppData\Local\Programs\Python\Python312\Lib\site-packages\django\template\loader.py", line 42, in select_template
    return engine.get_template(template_name)
           ^^^^^^^^^^^^^^^^^^^^^^^^^^^^^^^^^^
  File "C:\Users\lilia\AppData\Local\Programs\Python\Python312\Lib\site-packages\django\template\backends\django.py", line 33, in get_template
    return Template(self.engine.get_template(template_name), self)
                    ^^^^^^^^^^^^^^^^^^^^^^^^^^^^^^^^^^^^^^^
  File "C:\Users\lilia\AppData\Local\Programs\Python\Python312\Lib\site-packages\django\template\engine.py", line 175, in get_template
    template, origin = self.find_template(template_name)
                       ^^^^^^^^^^^^^^^^^^^^^^^^^^^^^^^^^
  File "C:\Users\lilia\AppData\Local\Programs\Python\Python312\Lib\site-packages\django\template\engine.py", line 157, in find_template
    template = loader.get_template(name, skip=skip)
               ^^^^^^^^^^^^^^^^^^^^^^^^^^^^^^^^^^^^
  File "C:\Users\lilia\AppData\Local\Programs\Python\Python312\Lib\site-packages\django\template\loaders\cached.py", line 57, in get_template
    template = super().get_template(template_name, skip)
               ^^^^^^^^^^^^^^^^^^^^^^^^^^^^^^^^^^^^^^^^^
  File "C:\Users\lilia\AppData\Local\Programs\Python\Python312\Lib\site-packages\django\template\loaders\base.py", line 28, in get_template
    return Template(
           ^^^^^^^^^
  File "C:\Users\lilia\AppData\Local\Programs\Python\Python312\Lib\site-packages\django\template\base.py", line 154, in __init__
    self.nodelist = self.compile_nodelist()
                    ^^^^^^^^^^^^^^^^^^^^^^^
  File "C:\Users\lilia\AppData\Local\Programs\Python\Python312\Lib\site-packages\django\template\base.py", line 200, in compile_nodelist
    return parser.parse()
           ^^^^^^^^^^^^^^
  File "C:\Users\lilia\AppData\Local\Programs\Python\Python312\Lib\site-packages\django\template\base.py", line 513, in parse
    raise self.error(token, e)
  File "C:\Users\lilia\AppData\Local\Programs\Python\Python312\Lib\site-packages\django\template\base.py", line 511, in parse
    compiled_result = compile_func(self, token)
                      ^^^^^^^^^^^^^^^^^^^^^^^^^
  File "C:\Users\lilia\AppData\Local\Programs\Python\Python312\Lib\site-packages\django\template\defaulttags.py", line 1088, in load
    lib = find_library(parser, name)
          ^^^^^^^^^^^^^^^^^^^^^^^^^^
  File "C:\Users\lilia\AppData\Local\Programs\Python\Python312\Lib\site-packages\django\template\defaulttags.py", line 1028, in find_library
    raise TemplateSyntaxError(
django.template.exceptions.TemplateSyntaxError: 'markdownify' is not a registered tag library. Must be one of:
admin_list
admin_modify
admin_urls
cache
i18n
l10n
log
rest_framework
static
tz
INFO 2025-11-23 20:51:30,793 autoreload 14848 17296 Watching for file changes with StatReloader
WARNING 2025-11-23 20:51:34,391 base 1560 16868 Session data corrupted
ERROR 2025-11-23 20:51:34,415 log 1560 16868 Internal Server Error: /
Traceback (most recent call last):
  File "C:\Users\lilia\AppData\Local\Programs\Python\Python312\Lib\site-packages\django\template\defaulttags.py", line 1026, in find_library
    return parser.libraries[name]
           ~~~~~~~~~~~~~~~~^^^^^^
KeyError: 'markdownify'

During handling of the above exception, another exception occurred:

Traceback (most recent call last):
  File "C:\Users\lilia\AppData\Local\Programs\Python\Python312\Lib\site-packages\django\core\handlers\exception.py", line 55, in inner
    response = get_response(request)
               ^^^^^^^^^^^^^^^^^^^^^
  File "C:\Users\lilia\AppData\Local\Programs\Python\Python312\Lib\site-packages\django\core\handlers\base.py", line 220, in _get_response
    response = response.render()
               ^^^^^^^^^^^^^^^^^
  File "C:\Users\lilia\AppData\Local\Programs\Python\Python312\Lib\site-packages\django\template\response.py", line 114, in render
    self.content = self.rendered_content
                   ^^^^^^^^^^^^^^^^^^^^^
  File "C:\Users\lilia\AppData\Local\Programs\Python\Python312\Lib\site-packages\django\template\response.py", line 90, in rendered_content
    template = self.resolve_template(self.template_name)
               ^^^^^^^^^^^^^^^^^^^^^^^^^^^^^^^^^^^^^^^^^
  File "C:\Users\lilia\AppData\Local\Programs\Python\Python312\Lib\site-packages\django\template\response.py", line 72, in resolve_template
    return select_template(template, using=self.using)
           ^^^^^^^^^^^^^^^^^^^^^^^^^^^^^^^^^^^^^^^^^^^
  File "C:\Users\lilia\AppData\Local\Programs\Python\Python312\Lib\site-packages\django\template\loader.py", line 42, in select_template
    return engine.get_template(template_name)
           ^^^^^^^^^^^^^^^^^^^^^^^^^^^^^^^^^^
  File "C:\Users\lilia\AppData\Local\Programs\Python\Python312\Lib\site-packages\django\template\backends\django.py", line 33, in get_template
    return Template(self.engine.get_template(template_name), self)
                    ^^^^^^^^^^^^^^^^^^^^^^^^^^^^^^^^^^^^^^^
  File "C:\Users\lilia\AppData\Local\Programs\Python\Python312\Lib\site-packages\django\template\engine.py", line 175, in get_template
    template, origin = self.find_template(template_name)
                       ^^^^^^^^^^^^^^^^^^^^^^^^^^^^^^^^^
  File "C:\Users\lilia\AppData\Local\Programs\Python\Python312\Lib\site-packages\django\template\engine.py", line 157, in find_template
    template = loader.get_template(name, skip=skip)
               ^^^^^^^^^^^^^^^^^^^^^^^^^^^^^^^^^^^^
  File "C:\Users\lilia\AppData\Local\Programs\Python\Python312\Lib\site-packages\django\template\loaders\cached.py", line 57, in get_template
    template = super().get_template(template_name, skip)
               ^^^^^^^^^^^^^^^^^^^^^^^^^^^^^^^^^^^^^^^^^
  File "C:\Users\lilia\AppData\Local\Programs\Python\Python312\Lib\site-packages\django\template\loaders\base.py", line 28, in get_template
    return Template(
           ^^^^^^^^^
  File "C:\Users\lilia\AppData\Local\Programs\Python\Python312\Lib\site-packages\django\template\base.py", line 154, in __init__
    self.nodelist = self.compile_nodelist()
                    ^^^^^^^^^^^^^^^^^^^^^^^
  File "C:\Users\lilia\AppData\Local\Programs\Python\Python312\Lib\site-packages\django\template\base.py", line 200, in compile_nodelist
    return parser.parse()
           ^^^^^^^^^^^^^^
  File "C:\Users\lilia\AppData\Local\Programs\Python\Python312\Lib\site-packages\django\template\base.py", line 513, in parse
    raise self.error(token, e)
  File "C:\Users\lilia\AppData\Local\Programs\Python\Python312\Lib\site-packages\django\template\base.py", line 511, in parse
    compiled_result = compile_func(self, token)
                      ^^^^^^^^^^^^^^^^^^^^^^^^^
  File "C:\Users\lilia\AppData\Local\Programs\Python\Python312\Lib\site-packages\django\template\defaulttags.py", line 1088, in load
    lib = find_library(parser, name)
          ^^^^^^^^^^^^^^^^^^^^^^^^^^
  File "C:\Users\lilia\AppData\Local\Programs\Python\Python312\Lib\site-packages\django\template\defaulttags.py", line 1028, in find_library
    raise TemplateSyntaxError(
django.template.exceptions.TemplateSyntaxError: 'markdownify' is not a registered tag library. Must be one of:
admin_list
admin_modify
admin_urls
cache
i18n
l10n
log
rest_framework
static
tz
WARNING 2025-11-23 20:51:35,616 base 1560 16868 Session data corrupted
ERROR 2025-11-23 20:51:35,642 log 1560 16868 Internal Server Error: /
Traceback (most recent call last):
  File "C:\Users\lilia\AppData\Local\Programs\Python\Python312\Lib\site-packages\django\template\defaulttags.py", line 1026, in find_library
    return parser.libraries[name]
           ~~~~~~~~~~~~~~~~^^^^^^
KeyError: 'markdownify'

During handling of the above exception, another exception occurred:

Traceback (most recent call last):
  File "C:\Users\lilia\AppData\Local\Programs\Python\Python312\Lib\site-packages\django\core\handlers\exception.py", line 55, in inner
    response = get_response(request)
               ^^^^^^^^^^^^^^^^^^^^^
  File "C:\Users\lilia\AppData\Local\Programs\Python\Python312\Lib\site-packages\django\core\handlers\base.py", line 220, in _get_response
    response = response.render()
               ^^^^^^^^^^^^^^^^^
  File "C:\Users\lilia\AppData\Local\Programs\Python\Python312\Lib\site-packages\django\template\response.py", line 114, in render
    self.content = self.rendered_content
                   ^^^^^^^^^^^^^^^^^^^^^
  File "C:\Users\lilia\AppData\Local\Programs\Python\Python312\Lib\site-packages\django\template\response.py", line 90, in rendered_content
    template = self.resolve_template(self.template_name)
               ^^^^^^^^^^^^^^^^^^^^^^^^^^^^^^^^^^^^^^^^^
  File "C:\Users\lilia\AppData\Local\Programs\Python\Python312\Lib\site-packages\django\template\response.py", line 72, in resolve_template
    return select_template(template, using=self.using)
           ^^^^^^^^^^^^^^^^^^^^^^^^^^^^^^^^^^^^^^^^^^^
  File "C:\Users\lilia\AppData\Local\Programs\Python\Python312\Lib\site-packages\django\template\loader.py", line 42, in select_template
    return engine.get_template(template_name)
           ^^^^^^^^^^^^^^^^^^^^^^^^^^^^^^^^^^
  File "C:\Users\lilia\AppData\Local\Programs\Python\Python312\Lib\site-packages\django\template\backends\django.py", line 33, in get_template
    return Template(self.engine.get_template(template_name), self)
                    ^^^^^^^^^^^^^^^^^^^^^^^^^^^^^^^^^^^^^^^
  File "C:\Users\lilia\AppData\Local\Programs\Python\Python312\Lib\site-packages\django\template\engine.py", line 175, in get_template
    template, origin = self.find_template(template_name)
                       ^^^^^^^^^^^^^^^^^^^^^^^^^^^^^^^^^
  File "C:\Users\lilia\AppData\Local\Programs\Python\Python312\Lib\site-packages\django\template\engine.py", line 157, in find_template
    template = loader.get_template(name, skip=skip)
               ^^^^^^^^^^^^^^^^^^^^^^^^^^^^^^^^^^^^
  File "C:\Users\lilia\AppData\Local\Programs\Python\Python312\Lib\site-packages\django\template\loaders\cached.py", line 57, in get_template
    template = super().get_template(template_name, skip)
               ^^^^^^^^^^^^^^^^^^^^^^^^^^^^^^^^^^^^^^^^^
  File "C:\Users\lilia\AppData\Local\Programs\Python\Python312\Lib\site-packages\django\template\loaders\base.py", line 28, in get_template
    return Template(
           ^^^^^^^^^
  File "C:\Users\lilia\AppData\Local\Programs\Python\Python312\Lib\site-packages\django\template\base.py", line 154, in __init__
    self.nodelist = self.compile_nodelist()
                    ^^^^^^^^^^^^^^^^^^^^^^^
  File "C:\Users\lilia\AppData\Local\Programs\Python\Python312\Lib\site-packages\django\template\base.py", line 200, in compile_nodelist
    return parser.parse()
           ^^^^^^^^^^^^^^
  File "C:\Users\lilia\AppData\Local\Programs\Python\Python312\Lib\site-packages\django\template\base.py", line 513, in parse
    raise self.error(token, e)
  File "C:\Users\lilia\AppData\Local\Programs\Python\Python312\Lib\site-packages\django\template\base.py", line 511, in parse
    compiled_result = compile_func(self, token)
                      ^^^^^^^^^^^^^^^^^^^^^^^^^
  File "C:\Users\lilia\AppData\Local\Programs\Python\Python312\Lib\site-packages\django\template\defaulttags.py", line 1088, in load
    lib = find_library(parser, name)
          ^^^^^^^^^^^^^^^^^^^^^^^^^^
  File "C:\Users\lilia\AppData\Local\Programs\Python\Python312\Lib\site-packages\django\template\defaulttags.py", line 1028, in find_library
    raise TemplateSyntaxError(
django.template.exceptions.TemplateSyntaxError: 'markdownify' is not a registered tag library. Must be one of:
admin_list
admin_modify
admin_urls
cache
i18n
l10n
log
rest_framework
static
tz
ERROR 2025-11-23 20:56:31,924 log 1560 14976 Internal Server Error: /
Traceback (most recent call last):
  File "C:\Users\lilia\AppData\Local\Programs\Python\Python312\Lib\site-packages\django\template\defaulttags.py", line 1026, in find_library
    return parser.libraries[name]
           ~~~~~~~~~~~~~~~~^^^^^^
KeyError: 'markdownify'

During handling of the above exception, another exception occurred:

Traceback (most recent call last):
  File "C:\Users\lilia\AppData\Local\Programs\Python\Python312\Lib\site-packages\django\core\handlers\exception.py", line 55, in inner
    response = get_response(request)
               ^^^^^^^^^^^^^^^^^^^^^
  File "C:\Users\lilia\AppData\Local\Programs\Python\Python312\Lib\site-packages\django\core\handlers\base.py", line 220, in _get_response
    response = response.render()
               ^^^^^^^^^^^^^^^^^
  File "C:\Users\lilia\AppData\Local\Programs\Python\Python312\Lib\site-packages\django\template\response.py", line 114, in render
    self.content = self.rendered_content
                   ^^^^^^^^^^^^^^^^^^^^^
  File "C:\Users\lilia\AppData\Local\Programs\Python\Python312\Lib\site-packages\django\template\response.py", line 90, in rendered_content
    template = self.resolve_template(self.template_name)
               ^^^^^^^^^^^^^^^^^^^^^^^^^^^^^^^^^^^^^^^^^
  File "C:\Users\lilia\AppData\Local\Programs\Python\Python312\Lib\site-packages\django\template\response.py", line 72, in resolve_template
    return select_template(template, using=self.using)
           ^^^^^^^^^^^^^^^^^^^^^^^^^^^^^^^^^^^^^^^^^^^
  File "C:\Users\lilia\AppData\Local\Programs\Python\Python312\Lib\site-packages\django\template\loader.py", line 42, in select_template
    return engine.get_template(template_name)
           ^^^^^^^^^^^^^^^^^^^^^^^^^^^^^^^^^^
  File "C:\Users\lilia\AppData\Local\Programs\Python\Python312\Lib\site-packages\django\template\backends\django.py", line 33, in get_template
    return Template(self.engine.get_template(template_name), self)
                    ^^^^^^^^^^^^^^^^^^^^^^^^^^^^^^^^^^^^^^^
  File "C:\Users\lilia\AppData\Local\Programs\Python\Python312\Lib\site-packages\django\template\engine.py", line 175, in get_template
    template, origin = self.find_template(template_name)
                       ^^^^^^^^^^^^^^^^^^^^^^^^^^^^^^^^^
  File "C:\Users\lilia\AppData\Local\Programs\Python\Python312\Lib\site-packages\django\template\engine.py", line 157, in find_template
    template = loader.get_template(name, skip=skip)
               ^^^^^^^^^^^^^^^^^^^^^^^^^^^^^^^^^^^^
  File "C:\Users\lilia\AppData\Local\Programs\Python\Python312\Lib\site-packages\django\template\loaders\cached.py", line 57, in get_template
    template = super().get_template(template_name, skip)
               ^^^^^^^^^^^^^^^^^^^^^^^^^^^^^^^^^^^^^^^^^
  File "C:\Users\lilia\AppData\Local\Programs\Python\Python312\Lib\site-packages\django\template\loaders\base.py", line 28, in get_template
    return Template(
           ^^^^^^^^^
  File "C:\Users\lilia\AppData\Local\Programs\Python\Python312\Lib\site-packages\django\template\base.py", line 154, in __init__
    self.nodelist = self.compile_nodelist()
                    ^^^^^^^^^^^^^^^^^^^^^^^
  File "C:\Users\lilia\AppData\Local\Programs\Python\Python312\Lib\site-packages\django\template\base.py", line 200, in compile_nodelist
    return parser.parse()
           ^^^^^^^^^^^^^^
  File "C:\Users\lilia\AppData\Local\Programs\Python\Python312\Lib\site-packages\django\template\base.py", line 513, in parse
    raise self.error(token, e)
  File "C:\Users\lilia\AppData\Local\Programs\Python\Python312\Lib\site-packages\django\template\base.py", line 511, in parse
    compiled_result = compile_func(self, token)
                      ^^^^^^^^^^^^^^^^^^^^^^^^^
  File "C:\Users\lilia\AppData\Local\Programs\Python\Python312\Lib\site-packages\django\template\defaulttags.py", line 1088, in load
    lib = find_library(parser, name)
          ^^^^^^^^^^^^^^^^^^^^^^^^^^
  File "C:\Users\lilia\AppData\Local\Programs\Python\Python312\Lib\site-packages\django\template\defaulttags.py", line 1028, in find_library
    raise TemplateSyntaxError(
django.template.exceptions.TemplateSyntaxError: 'markdownify' is not a registered tag library. Must be one of:
admin_list
admin_modify
admin_urls
cache
i18n
l10n
log
rest_framework
static
tz
INFO 2025-11-23 20:59:47,170 autoreload 1560 28100 C:\Users\lilia\OneDrive\Desktop\automobile\negotiation\rag.py changed, reloading.
INFO 2025-11-23 20:59:50,424 autoreload 27536 23500 Watching for file changes with StatReloader
INFO 2025-11-23 21:00:00,027 autoreload 27536 23500 C:\Users\lilia\OneDrive\Desktop\automobile\negotiation\rag.py changed, reloading.
INFO 2025-11-23 21:00:01,516 autoreload 22900 24736 Watching for file changes with StatReloader
INFO 2025-11-23 21:00:09,723 autoreload 22900 24736 C:\Users\lilia\OneDrive\Desktop\automobile\negotiation\rag.py changed, reloading.
INFO 2025-11-23 21:00:10,923 autoreload 2936 28772 Watching for file changes with StatReloader
INFO 2025-11-23 21:00:19,092 autoreload 2936 28772 C:\Users\lilia\OneDrive\Desktop\automobile\negotiation\rag.py changed, reloading.
INFO 2025-11-23 21:00:20,326 autoreload 2084 20144 Watching for file changes with StatReloader
INFO 2025-11-23 21:00:29,569 autoreload 2084 20144 C:\Users\lilia\OneDrive\Desktop\automobile\negotiation\chat.py changed, reloading.
INFO 2025-11-23 21:00:30,815 autoreload 10776 17180 Watching for file changes with StatReloader
INFO 2025-11-23 21:06:30,423 autoreload 17016 15608 Watching for file changes with StatReloader
INFO 2025-11-23 21:06:47,283 autoreload 17016 15608 C:\Users\lilia\OneDrive\Desktop\automobile\negotiation\rag.py changed, reloading.
INFO 2025-11-23 21:06:47,415 autoreload 10776 17180 C:\Users\lilia\OneDrive\Desktop\automobile\negotiation\chat.py changed, reloading.
INFO 2025-11-23 21:06:48,634 autoreload 16852 19536 Watching for file changes with StatReloader
INFO 2025-11-23 21:06:48,807 autoreload 29604 18004 Watching for file changes with StatReloader
ERROR 2025-11-23 21:07:21,423 log 29604 23780 Internal Server Error: /
Traceback (most recent call last):
  File "C:\Users\lilia\AppData\Local\Programs\Python\Python312\Lib\site-packages\django\template\defaulttags.py", line 1026, in find_library
    return parser.libraries[name]
           ~~~~~~~~~~~~~~~~^^^^^^
KeyError: 'markdownify'

During handling of the above exception, another exception occurred:

Traceback (most recent call last):
  File "C:\Users\lilia\AppData\Local\Programs\Python\Python312\Lib\site-packages\django\core\handlers\exception.py", line 55, in inner
    response = get_response(request)
               ^^^^^^^^^^^^^^^^^^^^^
  File "C:\Users\lilia\AppData\Local\Programs\Python\Python312\Lib\site-packages\django\core\handlers\base.py", line 220, in _get_response
    response = response.render()
               ^^^^^^^^^^^^^^^^^
  File "C:\Users\lilia\AppData\Local\Programs\Python\Python312\Lib\site-packages\django\template\response.py", line 114, in render
    self.content = self.rendered_content
                   ^^^^^^^^^^^^^^^^^^^^^
  File "C:\Users\lilia\AppData\Local\Programs\Python\Python312\Lib\site-packages\django\template\response.py", line 90, in rendered_content
    template = self.resolve_template(self.template_name)
               ^^^^^^^^^^^^^^^^^^^^^^^^^^^^^^^^^^^^^^^^^
  File "C:\Users\lilia\AppData\Local\Programs\Python\Python312\Lib\site-packages\django\template\response.py", line 72, in resolve_template
    return select_template(template, using=self.using)
           ^^^^^^^^^^^^^^^^^^^^^^^^^^^^^^^^^^^^^^^^^^^
  File "C:\Users\lilia\AppData\Local\Programs\Python\Python312\Lib\site-packages\django\template\loader.py", line 42, in select_template
    return engine.get_template(template_name)
           ^^^^^^^^^^^^^^^^^^^^^^^^^^^^^^^^^^
  File "C:\Users\lilia\AppData\Local\Programs\Python\Python312\Lib\site-packages\django\template\backends\django.py", line 33, in get_template
    return Template(self.engine.get_template(template_name), self)
                    ^^^^^^^^^^^^^^^^^^^^^^^^^^^^^^^^^^^^^^^
  File "C:\Users\lilia\AppData\Local\Programs\Python\Python312\Lib\site-packages\django\template\engine.py", line 175, in get_template
    template, origin = self.find_template(template_name)
                       ^^^^^^^^^^^^^^^^^^^^^^^^^^^^^^^^^
  File "C:\Users\lilia\AppData\Local\Programs\Python\Python312\Lib\site-packages\django\template\engine.py", line 157, in find_template
    template = loader.get_template(name, skip=skip)
               ^^^^^^^^^^^^^^^^^^^^^^^^^^^^^^^^^^^^
  File "C:\Users\lilia\AppData\Local\Programs\Python\Python312\Lib\site-packages\django\template\loaders\cached.py", line 57, in get_template
    template = super().get_template(template_name, skip)
               ^^^^^^^^^^^^^^^^^^^^^^^^^^^^^^^^^^^^^^^^^
  File "C:\Users\lilia\AppData\Local\Programs\Python\Python312\Lib\site-packages\django\template\loaders\base.py", line 28, in get_template
    return Template(
           ^^^^^^^^^
  File "C:\Users\lilia\AppData\Local\Programs\Python\Python312\Lib\site-packages\django\template\base.py", line 154, in __init__
    self.nodelist = self.compile_nodelist()
                    ^^^^^^^^^^^^^^^^^^^^^^^
  File "C:\Users\lilia\AppData\Local\Programs\Python\Python312\Lib\site-packages\django\template\base.py", line 200, in compile_nodelist
    return parser.parse()
           ^^^^^^^^^^^^^^
  File "C:\Users\lilia\AppData\Local\Programs\Python\Python312\Lib\site-packages\django\template\base.py", line 513, in parse
    raise self.error(token, e)
  File "C:\Users\lilia\AppData\Local\Programs\Python\Python312\Lib\site-packages\django\template\base.py", line 511, in parse
    compiled_result = compile_func(self, token)
                      ^^^^^^^^^^^^^^^^^^^^^^^^^
  File "C:\Users\lilia\AppData\Local\Programs\Python\Python312\Lib\site-packages\django\template\defaulttags.py", line 1088, in load
    lib = find_library(parser, name)
          ^^^^^^^^^^^^^^^^^^^^^^^^^^
  File "C:\Users\lilia\AppData\Local\Programs\Python\Python312\Lib\site-packages\django\template\defaulttags.py", line 1028, in find_library
    raise TemplateSyntaxError(
django.template.exceptions.TemplateSyntaxError: 'markdownify' is not a registered tag library. Must be one of:
admin_list
admin_modify
admin_urls
cache
i18n
l10n
log
rest_framework
static
tz
INFO 2025-11-23 21:13:32,526 autoreload 9420 18256 Watching for file changes with StatReloader
WARNING 2025-11-23 21:13:39,411 base 9420 588 Session data corrupted
ERROR 2025-11-23 21:13:39,456 log 9420 588 Internal Server Error: /
Traceback (most recent call last):
  File "C:\Users\lilia\AppData\Local\Programs\Python\Python312\Lib\site-packages\django\template\defaulttags.py", line 1026, in find_library
    return parser.libraries[name]
           ~~~~~~~~~~~~~~~~^^^^^^
KeyError: 'markdownify'

During handling of the above exception, another exception occurred:

Traceback (most recent call last):
  File "C:\Users\lilia\AppData\Local\Programs\Python\Python312\Lib\site-packages\django\core\handlers\exception.py", line 55, in inner
    response = get_response(request)
               ^^^^^^^^^^^^^^^^^^^^^
  File "C:\Users\lilia\AppData\Local\Programs\Python\Python312\Lib\site-packages\django\core\handlers\base.py", line 220, in _get_response
    response = response.render()
               ^^^^^^^^^^^^^^^^^
  File "C:\Users\lilia\AppData\Local\Programs\Python\Python312\Lib\site-packages\django\template\response.py", line 114, in render
    self.content = self.rendered_content
                   ^^^^^^^^^^^^^^^^^^^^^
  File "C:\Users\lilia\AppData\Local\Programs\Python\Python312\Lib\site-packages\django\template\response.py", line 90, in rendered_content
    template = self.resolve_template(self.template_name)
               ^^^^^^^^^^^^^^^^^^^^^^^^^^^^^^^^^^^^^^^^^
  File "C:\Users\lilia\AppData\Local\Programs\Python\Python312\Lib\site-packages\django\template\response.py", line 72, in resolve_template
    return select_template(template, using=self.using)
           ^^^^^^^^^^^^^^^^^^^^^^^^^^^^^^^^^^^^^^^^^^^
  File "C:\Users\lilia\AppData\Local\Programs\Python\Python312\Lib\site-packages\django\template\loader.py", line 42, in select_template
    return engine.get_template(template_name)
           ^^^^^^^^^^^^^^^^^^^^^^^^^^^^^^^^^^
  File "C:\Users\lilia\AppData\Local\Programs\Python\Python312\Lib\site-packages\django\template\backends\django.py", line 33, in get_template
    return Template(self.engine.get_template(template_name), self)
                    ^^^^^^^^^^^^^^^^^^^^^^^^^^^^^^^^^^^^^^^
  File "C:\Users\lilia\AppData\Local\Programs\Python\Python312\Lib\site-packages\django\template\engine.py", line 175, in get_template
    template, origin = self.find_template(template_name)
                       ^^^^^^^^^^^^^^^^^^^^^^^^^^^^^^^^^
  File "C:\Users\lilia\AppData\Local\Programs\Python\Python312\Lib\site-packages\django\template\engine.py", line 157, in find_template
    template = loader.get_template(name, skip=skip)
               ^^^^^^^^^^^^^^^^^^^^^^^^^^^^^^^^^^^^
  File "C:\Users\lilia\AppData\Local\Programs\Python\Python312\Lib\site-packages\django\template\loaders\cached.py", line 57, in get_template
    template = super().get_template(template_name, skip)
               ^^^^^^^^^^^^^^^^^^^^^^^^^^^^^^^^^^^^^^^^^
  File "C:\Users\lilia\AppData\Local\Programs\Python\Python312\Lib\site-packages\django\template\loaders\base.py", line 28, in get_template
    return Template(
           ^^^^^^^^^
  File "C:\Users\lilia\AppData\Local\Programs\Python\Python312\Lib\site-packages\django\template\base.py", line 154, in __init__
    self.nodelist = self.compile_nodelist()
                    ^^^^^^^^^^^^^^^^^^^^^^^
  File "C:\Users\lilia\AppData\Local\Programs\Python\Python312\Lib\site-packages\django\template\base.py", line 200, in compile_nodelist
    return parser.parse()
           ^^^^^^^^^^^^^^
  File "C:\Users\lilia\AppData\Local\Programs\Python\Python312\Lib\site-packages\django\template\base.py", line 513, in parse
    raise self.error(token, e)
  File "C:\Users\lilia\AppData\Local\Programs\Python\Python312\Lib\site-packages\django\template\base.py", line 511, in parse
    compiled_result = compile_func(self, token)
                      ^^^^^^^^^^^^^^^^^^^^^^^^^
  File "C:\Users\lilia\AppData\Local\Programs\Python\Python312\Lib\site-packages\django\template\defaulttags.py", line 1088, in load
    lib = find_library(parser, name)
          ^^^^^^^^^^^^^^^^^^^^^^^^^^
  File "C:\Users\lilia\AppData\Local\Programs\Python\Python312\Lib\site-packages\django\template\defaulttags.py", line 1028, in find_library
    raise TemplateSyntaxError(
django.template.exceptions.TemplateSyntaxError: 'markdownify' is not a registered tag library. Must be one of:
admin_list
admin_modify
admin_urls
cache
i18n
l10n
log
rest_framework
static
tz
WARNING 2025-11-23 21:14:16,761 base 9420 588 Session data corrupted
WARNING 2025-11-23 21:15:04,659 base 9420 588 Session data corrupted
WARNING 2025-11-23 21:16:50,041 base 9420 588 Session data corrupted
WARNING 2025-11-23 21:19:32,750 base 9420 588 Session data corrupted
WARNING 2025-11-23 21:20:41,524 base 9420 588 Session data corrupted
WARNING 2025-11-23 21:23:02,021 base 9420 588 Session data corrupted
WARNING 2025-11-23 21:24:15,083 base 9420 588 Session data corrupted
WARNING 2025-11-23 21:28:16,324 base 9420 588 Session data corrupted
INFO 2025-11-24 09:12:20,773 autoreload 21876 25060 Watching for file changes with StatReloader
WARNING 2025-11-24 09:13:03,526 log 21876 1388 Not Found: /favicon.ico
WARNING 2025-11-24 09:13:55,388 base 21876 1388 Session data corrupted
WARNING 2025-11-24 09:15:20,864 base 21876 1388 Session data corrupted
